mode: set
backend.com/forum/auth-servise/internal/controller/mocks/auth_usecase_mock.go:28.85,32.2 3 0
backend.com/forum/auth-servise/internal/controller/mocks/auth_usecase_mock.go:35.83,37.2 1 0
backend.com/forum/auth-servise/internal/controller/mocks/auth_usecase_mock.go:40.128,46.2 5 0
backend.com/forum/auth-servise/internal/controller/mocks/auth_usecase_mock.go:49.92,52.2 2 0
backend.com/forum/auth-servise/internal/controller/mocks/auth_usecase_mock.go:55.106,61.2 5 0
backend.com/forum/auth-servise/internal/controller/mocks/auth_usecase_mock.go:64.99,67.2 2 0
backend.com/forum/auth-servise/internal/controller/mocks/auth_usecase_mock.go:70.122,76.2 5 0
backend.com/forum/auth-servise/internal/controller/mocks/auth_usecase_mock.go:79.90,82.2 2 0
backend.com/forum/auth-servise/internal/controller/mocks/auth_usecase_mock.go:85.131,91.2 5 0
backend.com/forum/auth-servise/internal/controller/mocks/auth_usecase_mock.go:94.93,97.2 2 0
backend.com/forum/auth-servise/internal/controller/mocks/auth_usecase_mock.go:100.146,106.2 5 0
backend.com/forum/auth-servise/internal/controller/mocks/auth_usecase_mock.go:109.98,112.2 2 0
backend.com/forum/auth-servise/internal/controller/auth_grpc.go:20.73,22.2 1 1
backend.com/forum/auth-servise/internal/controller/auth_grpc.go:27.33,28.16 1 1
backend.com/forum/auth-servise/internal/controller/auth_grpc.go:28.16,30.3 1 1
backend.com/forum/auth-servise/internal/controller/auth_grpc.go:32.2,38.16 3 1
backend.com/forum/auth-servise/internal/controller/auth_grpc.go:38.16,40.3 1 1
backend.com/forum/auth-servise/internal/controller/auth_grpc.go:42.2,42.57 1 1
backend.com/forum/auth-servise/internal/controller/auth_grpc.go:48.30,49.16 1 1
backend.com/forum/auth-servise/internal/controller/auth_grpc.go:49.16,51.3 1 1
backend.com/forum/auth-servise/internal/controller/auth_grpc.go:53.2,59.16 3 1
backend.com/forum/auth-servise/internal/controller/auth_grpc.go:59.16,61.3 1 1
backend.com/forum/auth-servise/internal/controller/auth_grpc.go:63.2,66.8 1 1
backend.com/forum/auth-servise/internal/controller/auth_grpc.go:72.32,73.16 1 1
backend.com/forum/auth-servise/internal/controller/auth_grpc.go:73.16,75.3 1 1
backend.com/forum/auth-servise/internal/controller/auth_grpc.go:77.2,80.16 3 1
backend.com/forum/auth-servise/internal/controller/auth_grpc.go:80.16,82.3 1 1
backend.com/forum/auth-servise/internal/controller/auth_grpc.go:84.2,86.8 1 1
backend.com/forum/auth-servise/internal/controller/auth_grpc.go:90.53,91.17 1 1
backend.com/forum/auth-servise/internal/controller/auth_grpc.go:91.17,93.3 1 1
backend.com/forum/auth-servise/internal/controller/auth_grpc.go:95.2,96.19 2 1
backend.com/forum/auth-servise/internal/controller/auth_grpc.go:97.24,98.17 1 1
backend.com/forum/auth-servise/internal/controller/auth_grpc.go:99.23,100.16 1 1
backend.com/forum/auth-servise/internal/controller/auth_grpc.go:101.10,102.27 1 1
backend.com/forum/auth-servise/internal/controller/auth_grpc.go:105.2,110.3 1 1
backend.com/forum/auth-servise/internal/controller/auth_grpc.go:115.38,116.16 1 1
backend.com/forum/auth-servise/internal/controller/auth_grpc.go:116.16,118.3 1 1
backend.com/forum/auth-servise/internal/controller/auth_grpc.go:120.2,123.16 3 1
backend.com/forum/auth-servise/internal/controller/auth_grpc.go:123.16,125.3 1 1
backend.com/forum/auth-servise/internal/controller/auth_grpc.go:127.2,131.8 1 1
backend.com/forum/auth-servise/internal/controller/auth_http.go:16.81,18.2 1 1
backend.com/forum/auth-servise/internal/controller/auth_http.go:41.58,43.47 2 1
backend.com/forum/auth-servise/internal/controller/auth_http.go:43.47,46.3 2 1
backend.com/forum/auth-servise/internal/controller/auth_http.go:48.2,54.16 3 1
backend.com/forum/auth-servise/internal/controller/auth_http.go:54.16,57.3 2 1
backend.com/forum/auth-servise/internal/controller/auth_http.go:59.2,61.4 1 1
backend.com/forum/auth-servise/internal/controller/auth_http.go:75.55,77.47 2 1
backend.com/forum/auth-servise/internal/controller/auth_http.go:77.47,80.3 2 1
backend.com/forum/auth-servise/internal/controller/auth_http.go:82.2,88.16 3 1
backend.com/forum/auth-servise/internal/controller/auth_http.go:88.16,91.3 2 1
backend.com/forum/auth-servise/internal/controller/auth_http.go:93.2,96.4 1 1
backend.com/forum/auth-servise/internal/controller/auth_http.go:110.59,113.16 3 1
backend.com/forum/auth-servise/internal/controller/auth_http.go:113.16,116.3 2 1
backend.com/forum/auth-servise/internal/controller/auth_http.go:118.2,119.16 2 1
backend.com/forum/auth-servise/internal/controller/auth_http.go:119.16,122.3 2 1
backend.com/forum/auth-servise/internal/controller/auth_http.go:124.2,127.4 1 1
backend.com/forum/auth-servise/internal/controller/mocks.go:25.67,29.2 3 1
backend.com/forum/auth-servise/internal/controller/mocks.go:31.61,33.2 1 1
backend.com/forum/auth-servise/internal/controller/mocks.go:35.122,40.2 4 1
backend.com/forum/auth-servise/internal/controller/mocks.go:42.113,47.2 4 1
backend.com/forum/auth-servise/internal/controller/mocks.go:49.119,54.2 4 1
backend.com/forum/auth-servise/internal/controller/mocks.go:56.137,61.2 4 1
backend.com/forum/auth-servise/internal/controller/mocks.go:63.96,68.2 4 1
backend.com/forum/auth-servise/internal/controller/mocks.go:70.80,78.2 1 1
backend.com/forum/auth-servise/internal/controller/mocks.go:80.77,88.2 1 1
backend.com/forum/auth-servise/internal/controller/mocks.go:90.79,98.2 1 1
backend.com/forum/auth-servise/internal/controller/mocks.go:100.85,108.2 1 1
backend.com/forum/auth-servise/internal/controller/mocks.go:110.86,118.2 1 1
