mode: set
backend.com/forum/forum-servise/internal/repository/comment_repository.go:22.58,24.2 1 1
backend.com/forum/forum-servise/internal/repository/comment_repository.go:26.89,35.2 2 1
backend.com/forum/forum-servise/internal/repository/comment_repository.go:37.104,51.16 4 1
backend.com/forum/forum-servise/internal/repository/comment_repository.go:51.16,52.36 1 1
backend.com/forum/forum-servise/internal/repository/comment_repository.go:52.36,54.4 1 0
backend.com/forum/forum-servise/internal/repository/comment_repository.go:55.3,55.18 1 1
backend.com/forum/forum-servise/internal/repository/comment_repository.go:57.2,57.22 1 1
backend.com/forum/forum-servise/internal/repository/comment_repository.go:60.74,64.2 3 1
backend.com/forum/forum-servise/internal/repository/post-repository.go:29.52,31.2 1 1
backend.com/forum/forum-servise/internal/repository/post-repository.go:33.92,48.2 4 1
backend.com/forum/forum-servise/internal/repository/post-repository.go:50.80,63.16 4 1
backend.com/forum/forum-servise/internal/repository/post-repository.go:63.16,64.36 1 1
backend.com/forum/forum-servise/internal/repository/post-repository.go:64.36,66.4 1 0
backend.com/forum/forum-servise/internal/repository/post-repository.go:67.3,67.18 1 1
backend.com/forum/forum-servise/internal/repository/post-repository.go:69.2,69.19 1 1
backend.com/forum/forum-servise/internal/repository/post-repository.go:72.91,85.16 4 1
backend.com/forum/forum-servise/internal/repository/post-repository.go:85.16,86.36 1 1
backend.com/forum/forum-servise/internal/repository/post-repository.go:86.36,88.4 1 1
backend.com/forum/forum-servise/internal/repository/post-repository.go:89.3,89.18 1 1
backend.com/forum/forum-servise/internal/repository/post-repository.go:91.2,91.19 1 1
backend.com/forum/forum-servise/internal/repository/post-repository.go:94.97,101.16 3 1
backend.com/forum/forum-servise/internal/repository/post-repository.go:101.16,103.3 1 0
backend.com/forum/forum-servise/internal/repository/post-repository.go:105.2,106.16 2 1
backend.com/forum/forum-servise/internal/repository/post-repository.go:106.16,108.3 1 0
backend.com/forum/forum-servise/internal/repository/post-repository.go:110.2,110.23 1 1
backend.com/forum/forum-servise/internal/repository/post-repository.go:110.23,112.3 1 1
backend.com/forum/forum-servise/internal/repository/post-repository.go:114.2,114.12 1 1
backend.com/forum/forum-servise/internal/repository/post-repository.go:117.129,139.16 4 1
backend.com/forum/forum-servise/internal/repository/post-repository.go:139.16,140.36 1 1
backend.com/forum/forum-servise/internal/repository/post-repository.go:140.36,142.4 1 1
backend.com/forum/forum-servise/internal/repository/post-repository.go:143.3,143.18 1 1
backend.com/forum/forum-servise/internal/repository/post-repository.go:146.2,146.19 1 1
