mode: set
chat-microservice-go/internal/handler/message_handler.go:19.67,21.2 1 1
chat-microservice-go/internal/handler/message_handler.go:23.60,25.16 2 1
chat-microservice-go/internal/handler/message_handler.go:25.16,27.3 1 0
chat-microservice-go/internal/handler/message_handler.go:28.2,32.6 3 1
chat-microservice-go/internal/handler/message_handler.go:32.6,35.17 3 1
chat-microservice-go/internal/handler/message_handler.go:35.17,37.9 2 1
chat-microservice-go/internal/handler/message_handler.go:39.3,40.25 2 1
chat-microservice-go/internal/handler/message_handler.go:44.43,45.6 1 1
chat-microservice-go/internal/handler/message_handler.go:45.6,47.37 2 1
chat-microservice-go/internal/handler/message_handler.go:47.37,49.18 2 1
chat-microservice-go/internal/handler/message_handler.go:49.18,53.5 3 0
chat-microservice-go/internal/handler/message_handler.go:58.54,60.16 2 1
chat-microservice-go/internal/handler/message_handler.go:60.16,63.3 2 1
chat-microservice-go/internal/handler/message_handler.go:64.2,64.33 1 1
chat-microservice-go/internal/repository/message_repository.go:20.57,22.2 1 1
chat-microservice-go/internal/repository/message_repository.go:24.70,27.16 3 1
chat-microservice-go/internal/repository/message_repository.go:27.16,29.3 1 1
chat-microservice-go/internal/repository/message_repository.go:32.2,33.23 2 0
chat-microservice-go/internal/repository/message_repository.go:33.23,35.3 1 0
chat-microservice-go/internal/repository/message_repository.go:36.2,36.12 1 0
chat-microservice-go/internal/repository/message_repository.go:39.72,41.16 2 1
chat-microservice-go/internal/repository/message_repository.go:41.16,43.3 1 0
chat-microservice-go/internal/repository/message_repository.go:44.2,47.18 3 1
chat-microservice-go/internal/repository/message_repository.go:47.18,51.17 3 1
chat-microservice-go/internal/repository/message_repository.go:51.17,53.4 1 1
chat-microservice-go/internal/repository/message_repository.go:54.3,54.35 1 0
chat-microservice-go/internal/repository/message_repository.go:56.2,56.22 1 1
chat-microservice-go/internal/usecase/message_usecase.go:18.74,20.2 1 1
chat-microservice-go/internal/usecase/message_usecase.go:22.65,24.2 1 1
chat-microservice-go/internal/usecase/message_usecase.go:26.67,28.2 1 1
