mode: set
backend.com/forum/auth-servise/internal/usecase/auth_usecase.go:32.94,34.16 2 1
backend.com/forum/auth-servise/internal/usecase/auth_usecase.go:34.16,36.3 1 1
backend.com/forum/auth-servise/internal/usecase/auth_usecase.go:37.2,37.41 1 1
backend.com/forum/auth-servise/internal/usecase/auth_usecase.go:45.16,52.2 1 1
backend.com/forum/auth-servise/internal/usecase/auth_usecase.go:57.30,59.16 2 1
backend.com/forum/auth-servise/internal/usecase/auth_usecase.go:59.16,62.3 2 1
backend.com/forum/auth-servise/internal/usecase/auth_usecase.go:64.2,72.16 3 1
backend.com/forum/auth-servise/internal/usecase/auth_usecase.go:72.16,75.3 2 1
backend.com/forum/auth-servise/internal/usecase/auth_usecase.go:77.2,77.47 1 1
backend.com/forum/auth-servise/internal/usecase/auth_usecase.go:80.93,82.16 2 1
backend.com/forum/auth-servise/internal/usecase/auth_usecase.go:82.16,84.3 1 1
backend.com/forum/auth-servise/internal/usecase/auth_usecase.go:86.2,87.16 2 1
backend.com/forum/auth-servise/internal/usecase/auth_usecase.go:87.16,89.3 1 1
backend.com/forum/auth-servise/internal/usecase/auth_usecase.go:92.2,93.16 2 1
backend.com/forum/auth-servise/internal/usecase/auth_usecase.go:93.16,96.3 2 0
backend.com/forum/auth-servise/internal/usecase/auth_usecase.go:99.2,105.66 2 1
backend.com/forum/auth-servise/internal/usecase/auth_usecase.go:105.66,108.3 2 1
backend.com/forum/auth-servise/internal/usecase/auth_usecase.go:110.2,113.8 1 1
backend.com/forum/auth-servise/internal/usecase/auth_usecase.go:119.35,123.32 3 1
backend.com/forum/auth-servise/internal/usecase/auth_usecase.go:123.32,126.3 2 1
backend.com/forum/auth-servise/internal/usecase/auth_usecase.go:128.2,129.9 2 1
backend.com/forum/auth-servise/internal/usecase/auth_usecase.go:129.9,132.3 2 0
backend.com/forum/auth-servise/internal/usecase/auth_usecase.go:134.2,135.9 2 1
backend.com/forum/auth-servise/internal/usecase/auth_usecase.go:135.9,138.3 2 1
backend.com/forum/auth-servise/internal/usecase/auth_usecase.go:140.2,141.9 2 1
backend.com/forum/auth-servise/internal/usecase/auth_usecase.go:141.9,144.3 2 1
backend.com/forum/auth-servise/internal/usecase/auth_usecase.go:146.2,150.8 1 1
backend.com/forum/auth-servise/internal/usecase/auth_usecase.go:156.29,160.31 3 1
backend.com/forum/auth-servise/internal/usecase/auth_usecase.go:160.31,163.3 2 1
backend.com/forum/auth-servise/internal/usecase/auth_usecase.go:165.2,165.42 1 1
