mode: set
backend.com/forum/auth-servise/internal/handler/auth_handler.go:23.96,28.2 1 1
backend.com/forum/auth-servise/internal/handler/auth_handler.go:30.54,32.47 2 1
backend.com/forum/auth-servise/internal/handler/auth_handler.go:32.47,36.3 3 1
backend.com/forum/auth-servise/internal/handler/auth_handler.go:38.2,39.16 2 1
backend.com/forum/auth-servise/internal/handler/auth_handler.go:39.16,43.3 3 1
backend.com/forum/auth-servise/internal/handler/auth_handler.go:45.2,45.54 1 1
backend.com/forum/auth-servise/internal/handler/auth_handler.go:48.51,50.47 2 1
backend.com/forum/auth-servise/internal/handler/auth_handler.go:50.47,54.3 3 1
backend.com/forum/auth-servise/internal/handler/auth_handler.go:56.2,57.16 2 1
backend.com/forum/auth-servise/internal/handler/auth_handler.go:57.16,61.3 3 1
backend.com/forum/auth-servise/internal/handler/auth_handler.go:63.2,63.51 1 1
backend.com/forum/auth-servise/internal/handler/auth_handler.go:66.58,68.2 2 1
backend.com/forum/auth-servise/internal/handler/auth_handler.go:68.2,71.3 2 1
