mode: set
chat-microservice-go/internal/repository/message_repository.go:13.58,15.2 1 1
chat-microservice-go/internal/repository/message_repository.go:17.70,20.16 3 1
chat-microservice-go/internal/repository/message_repository.go:20.16,23.3 2 1
chat-microservice-go/internal/repository/message_repository.go:24.2,24.12 1 1
chat-microservice-go/internal/repository/message_repository.go:27.72,30.16 3 1
chat-microservice-go/internal/repository/message_repository.go:30.16,33.3 2 1
chat-microservice-go/internal/repository/message_repository.go:34.2,37.18 3 1
chat-microservice-go/internal/repository/message_repository.go:37.18,40.17 3 1
chat-microservice-go/internal/repository/message_repository.go:40.17,43.4 2 0
chat-microservice-go/internal/repository/message_repository.go:44.3,44.35 1 1
chat-microservice-go/internal/repository/message_repository.go:46.2,46.22 1 1
