mode: set
backend.com/forum/forum-servise/internal/handler/comment_handler.go:20.75,22.2 1 1
backend.com/forum/forum-servise/internal/handler/comment_handler.go:24.56,26.22 2 1
backend.com/forum/forum-servise/internal/handler/comment_handler.go:26.22,29.3 2 0
backend.com/forum/forum-servise/internal/handler/comment_handler.go:30.2,36.62 3 1
backend.com/forum/forum-servise/internal/handler/comment_handler.go:36.62,39.3 2 0
backend.com/forum/forum-servise/internal/handler/comment_handler.go:42.2,43.16 2 1
backend.com/forum/forum-servise/internal/handler/comment_handler.go:43.16,46.3 2 0
backend.com/forum/forum-servise/internal/handler/comment_handler.go:49.2,52.51 2 1
backend.com/forum/forum-servise/internal/handler/comment_handler.go:52.51,55.3 2 0
backend.com/forum/forum-servise/internal/handler/comment_handler.go:58.2,71.67 3 1
backend.com/forum/forum-servise/internal/handler/comment_handler.go:71.67,73.3 1 1
backend.com/forum/forum-servise/internal/handler/comment_handler.go:76.2,76.81 1 1
backend.com/forum/forum-servise/internal/handler/comment_handler.go:76.81,80.3 3 0
backend.com/forum/forum-servise/internal/handler/comment_handler.go:83.2,89.4 1 0
backend.com/forum/forum-servise/internal/handler/comment_handler.go:92.62,94.16 2 1
backend.com/forum/forum-servise/internal/handler/comment_handler.go:94.16,98.3 3 1
backend.com/forum/forum-servise/internal/handler/comment_handler.go:101.2,102.16 2 1
backend.com/forum/forum-servise/internal/handler/comment_handler.go:102.16,109.3 3 1
backend.com/forum/forum-servise/internal/handler/comment_handler.go:112.2,114.4 1 1
backend.com/forum/forum-servise/internal/handler/post_handler.go:22.90,24.2 1 1
backend.com/forum/forum-servise/internal/handler/post_handler.go:26.52,28.22 2 1
backend.com/forum/forum-servise/internal/handler/post_handler.go:28.22,31.3 2 1
backend.com/forum/forum-servise/internal/handler/post_handler.go:33.2,40.53 3 1
backend.com/forum/forum-servise/internal/handler/post_handler.go:40.53,43.3 2 1
backend.com/forum/forum-servise/internal/handler/post_handler.go:45.2,46.16 2 1
backend.com/forum/forum-servise/internal/handler/post_handler.go:46.16,50.3 3 1
backend.com/forum/forum-servise/internal/handler/post_handler.go:52.2,56.4 1 1
backend.com/forum/forum-servise/internal/handler/post_handler.go:59.48,61.16 2 1
backend.com/forum/forum-servise/internal/handler/post_handler.go:61.16,68.3 3 1
backend.com/forum/forum-servise/internal/handler/post_handler.go:70.2,71.29 2 1
backend.com/forum/forum-servise/internal/handler/post_handler.go:71.29,80.3 1 1
backend.com/forum/forum-servise/internal/handler/post_handler.go:82.2,84.4 1 1
backend.com/forum/forum-servise/internal/handler/post_handler.go:86.52,88.16 2 1
backend.com/forum/forum-servise/internal/handler/post_handler.go:88.16,91.3 2 0
backend.com/forum/forum-servise/internal/handler/post_handler.go:93.2,94.22 2 1
backend.com/forum/forum-servise/internal/handler/post_handler.go:94.22,97.3 2 0
backend.com/forum/forum-servise/internal/handler/post_handler.go:99.2,106.78 3 1
backend.com/forum/forum-servise/internal/handler/post_handler.go:106.78,109.10 2 0
backend.com/forum/forum-servise/internal/handler/post_handler.go:110.51,111.67 1 0
backend.com/forum/forum-servise/internal/handler/post_handler.go:112.55,113.79 1 0
backend.com/forum/forum-servise/internal/handler/post_handler.go:114.11,115.85 1 0
backend.com/forum/forum-servise/internal/handler/post_handler.go:117.3,117.9 1 0
backend.com/forum/forum-servise/internal/handler/post_handler.go:120.2,120.72 1 0
backend.com/forum/forum-servise/internal/handler/post_handler.go:123.52,125.16 2 1
backend.com/forum/forum-servise/internal/handler/post_handler.go:125.16,128.3 2 1
backend.com/forum/forum-servise/internal/handler/post_handler.go:130.2,131.22 2 1
backend.com/forum/forum-servise/internal/handler/post_handler.go:131.22,134.3 2 0
backend.com/forum/forum-servise/internal/handler/post_handler.go:135.2,142.53 3 1
backend.com/forum/forum-servise/internal/handler/post_handler.go:142.53,145.3 2 1
backend.com/forum/forum-servise/internal/handler/post_handler.go:147.2,148.16 2 1
backend.com/forum/forum-servise/internal/handler/post_handler.go:148.16,149.10 1 1
backend.com/forum/forum-servise/internal/handler/post_handler.go:150.51,151.67 1 0
backend.com/forum/forum-servise/internal/handler/post_handler.go:152.55,153.71 1 1
backend.com/forum/forum-servise/internal/handler/post_handler.go:154.11,156.85 2 1
backend.com/forum/forum-servise/internal/handler/post_handler.go:158.3,158.9 1 1
backend.com/forum/forum-servise/internal/handler/post_handler.go:161.2,164.4 1 1
backend.com/forum/forum-servise/internal/repository/comment_repository.go:21.58,23.2 1 1
backend.com/forum/forum-servise/internal/repository/comment_repository.go:25.89,34.2 2 1
backend.com/forum/forum-servise/internal/repository/comment_repository.go:36.104,50.16 4 1
backend.com/forum/forum-servise/internal/repository/comment_repository.go:50.16,51.36 1 1
backend.com/forum/forum-servise/internal/repository/comment_repository.go:51.36,53.4 1 0
backend.com/forum/forum-servise/internal/repository/comment_repository.go:54.3,54.18 1 1
backend.com/forum/forum-servise/internal/repository/comment_repository.go:56.2,56.22 1 1
backend.com/forum/forum-servise/internal/repository/post-repository.go:29.52,31.2 1 1
backend.com/forum/forum-servise/internal/repository/post-repository.go:33.92,48.2 4 1
backend.com/forum/forum-servise/internal/repository/post-repository.go:50.80,63.16 4 1
backend.com/forum/forum-servise/internal/repository/post-repository.go:63.16,64.36 1 1
backend.com/forum/forum-servise/internal/repository/post-repository.go:64.36,66.4 1 0
backend.com/forum/forum-servise/internal/repository/post-repository.go:67.3,67.18 1 1
backend.com/forum/forum-servise/internal/repository/post-repository.go:69.2,69.19 1 1
backend.com/forum/forum-servise/internal/repository/post-repository.go:72.91,85.16 4 1
backend.com/forum/forum-servise/internal/repository/post-repository.go:85.16,86.36 1 1
backend.com/forum/forum-servise/internal/repository/post-repository.go:86.36,88.4 1 1
backend.com/forum/forum-servise/internal/repository/post-repository.go:89.3,89.18 1 0
backend.com/forum/forum-servise/internal/repository/post-repository.go:91.2,91.19 1 1
backend.com/forum/forum-servise/internal/repository/post-repository.go:94.97,101.16 3 1
backend.com/forum/forum-servise/internal/repository/post-repository.go:101.16,103.3 1 0
backend.com/forum/forum-servise/internal/repository/post-repository.go:105.2,106.16 2 1
backend.com/forum/forum-servise/internal/repository/post-repository.go:106.16,108.3 1 0
backend.com/forum/forum-servise/internal/repository/post-repository.go:110.2,110.23 1 1
backend.com/forum/forum-servise/internal/repository/post-repository.go:110.23,112.3 1 1
backend.com/forum/forum-servise/internal/repository/post-repository.go:114.2,114.12 1 1
backend.com/forum/forum-servise/internal/repository/post-repository.go:117.129,139.16 4 1
backend.com/forum/forum-servise/internal/repository/post-repository.go:139.16,140.36 1 1
backend.com/forum/forum-servise/internal/repository/post-repository.go:140.36,142.4 1 1
backend.com/forum/forum-servise/internal/repository/post-repository.go:143.3,143.18 1 1
backend.com/forum/forum-servise/internal/repository/post-repository.go:146.2,146.19 1 1
backend.com/forum/forum-servise/internal/usecase/comment_usecase.go:22.19,28.2 1 1
backend.com/forum/forum-servise/internal/usecase/comment_usecase.go:30.93,33.16 2 1
backend.com/forum/forum-servise/internal/usecase/comment_usecase.go:33.16,35.3 1 1
backend.com/forum/forum-servise/internal/usecase/comment_usecase.go:38.2,39.59 2 1
backend.com/forum/forum-servise/internal/usecase/comment_usecase.go:39.59,41.3 1 1
backend.com/forum/forum-servise/internal/usecase/comment_usecase.go:43.2,44.51 2 1
backend.com/forum/forum-servise/internal/usecase/comment_usecase.go:47.108,50.16 2 1
backend.com/forum/forum-servise/internal/usecase/comment_usecase.go:50.16,52.3 1 0
backend.com/forum/forum-servise/internal/usecase/comment_usecase.go:54.2,54.56 1 1
backend.com/forum/forum-servise/internal/usecase/post_usecase.go:31.16,37.2 1 1
backend.com/forum/forum-servise/internal/usecase/post_usecase.go:39.115,42.16 2 1
backend.com/forum/forum-servise/internal/usecase/post_usecase.go:42.16,44.3 1 1
backend.com/forum/forum-servise/internal/usecase/post_usecase.go:45.2,45.25 1 1
backend.com/forum/forum-servise/internal/usecase/post_usecase.go:45.25,47.3 1 1
backend.com/forum/forum-servise/internal/usecase/post_usecase.go:48.2,58.16 4 1
backend.com/forum/forum-servise/internal/usecase/post_usecase.go:58.16,60.3 1 1
backend.com/forum/forum-servise/internal/usecase/post_usecase.go:62.2,63.18 2 1
backend.com/forum/forum-servise/internal/usecase/post_usecase.go:67.94,69.16 2 1
backend.com/forum/forum-servise/internal/usecase/post_usecase.go:69.16,71.3 1 1
backend.com/forum/forum-servise/internal/usecase/post_usecase.go:73.2,77.29 3 1
backend.com/forum/forum-servise/internal/usecase/post_usecase.go:77.29,79.3 1 1
backend.com/forum/forum-servise/internal/usecase/post_usecase.go:82.2,82.37 1 1
backend.com/forum/forum-servise/internal/usecase/post_usecase.go:82.37,87.45 2 1
backend.com/forum/forum-servise/internal/usecase/post_usecase.go:87.45,89.4 1 1
backend.com/forum/forum-servise/internal/usecase/post_usecase.go:93.2,93.29 1 1
backend.com/forum/forum-servise/internal/usecase/post_usecase.go:93.29,94.60 1 1
backend.com/forum/forum-servise/internal/usecase/post_usecase.go:94.60,96.4 1 0
backend.com/forum/forum-servise/internal/usecase/post_usecase.go:99.2,99.32 1 1
backend.com/forum/forum-servise/internal/usecase/post_usecase.go:101.90,103.16 2 1
backend.com/forum/forum-servise/internal/usecase/post_usecase.go:103.16,105.3 1 0
backend.com/forum/forum-servise/internal/usecase/post_usecase.go:106.2,106.25 1 1
backend.com/forum/forum-servise/internal/usecase/post_usecase.go:106.25,108.3 1 0
backend.com/forum/forum-servise/internal/usecase/post_usecase.go:110.2,117.16 2 1
backend.com/forum/forum-servise/internal/usecase/post_usecase.go:117.16,118.10 1 1
backend.com/forum/forum-servise/internal/usecase/post_usecase.go:119.38,120.39 1 0
backend.com/forum/forum-servise/internal/usecase/post_usecase.go:121.55,122.42 1 0
backend.com/forum/forum-servise/internal/usecase/post_usecase.go:123.11,124.14 1 1
backend.com/forum/forum-servise/internal/usecase/post_usecase.go:128.2,128.12 1 1
backend.com/forum/forum-servise/internal/usecase/post_usecase.go:137.25,139.16 2 1
backend.com/forum/forum-servise/internal/usecase/post_usecase.go:139.16,141.3 1 0
backend.com/forum/forum-servise/internal/usecase/post_usecase.go:142.2,142.25 1 1
backend.com/forum/forum-servise/internal/usecase/post_usecase.go:142.25,144.3 1 0
backend.com/forum/forum-servise/internal/usecase/post_usecase.go:146.2,155.25 2 1
