mode: set
backend.com/forum/auth-servise/internal/controller/auth_grpc.go:20.65,22.2 1 1
backend.com/forum/auth-servise/internal/controller/auth_grpc.go:27.33,34.16 3 1
backend.com/forum/auth-servise/internal/controller/auth_grpc.go:34.16,36.3 1 1
backend.com/forum/auth-servise/internal/controller/auth_grpc.go:38.2,38.57 1 1
backend.com/forum/auth-servise/internal/controller/auth_grpc.go:44.30,51.16 3 1
backend.com/forum/auth-servise/internal/controller/auth_grpc.go:51.16,53.3 1 1
backend.com/forum/auth-servise/internal/controller/auth_grpc.go:55.2,58.8 1 1
backend.com/forum/auth-servise/internal/controller/auth_grpc.go:64.32,68.16 3 1
backend.com/forum/auth-servise/internal/controller/auth_grpc.go:68.16,70.3 1 1
backend.com/forum/auth-servise/internal/controller/auth_grpc.go:72.2,74.8 1 1
backend.com/forum/auth-servise/internal/controller/auth_grpc.go:77.53,84.2 1 1
backend.com/forum/auth-servise/internal/controller/auth_http.go:15.73,17.2 1 1
backend.com/forum/auth-servise/internal/controller/auth_http.go:29.58,31.47 2 1
backend.com/forum/auth-servise/internal/controller/auth_http.go:31.47,34.3 2 1
backend.com/forum/auth-servise/internal/controller/auth_http.go:36.2,42.16 3 1
backend.com/forum/auth-servise/internal/controller/auth_http.go:42.16,45.3 2 1
backend.com/forum/auth-servise/internal/controller/auth_http.go:48.2,50.4 1 1
backend.com/forum/auth-servise/internal/controller/auth_http.go:53.55,55.47 2 1
backend.com/forum/auth-servise/internal/controller/auth_http.go:55.47,58.3 2 0
backend.com/forum/auth-servise/internal/controller/auth_http.go:60.2,66.16 3 1
backend.com/forum/auth-servise/internal/controller/auth_http.go:66.16,69.3 2 1
backend.com/forum/auth-servise/internal/controller/auth_http.go:72.2,75.4 1 1
backend.com/forum/auth-servise/internal/controller/auth_http.go:78.59,82.31 3 1
backend.com/forum/auth-servise/internal/controller/auth_http.go:82.31,85.3 2 1
backend.com/forum/auth-servise/internal/controller/auth_http.go:87.2,90.4 1 1
backend.com/forum/auth-servise/internal/repository/session_repository.go:19.58,21.2 1 1
backend.com/forum/auth-servise/internal/repository/session_repository.go:23.95,27.2 3 1
backend.com/forum/auth-servise/internal/repository/session_repository.go:29.107,34.2 4 1
backend.com/forum/auth-servise/internal/repository/user_repository.go:28.48,30.2 1 1
backend.com/forum/auth-servise/internal/repository/user_repository.go:33.92,37.16 4 1
backend.com/forum/auth-servise/internal/repository/user_repository.go:37.16,39.3 1 0
backend.com/forum/auth-servise/internal/repository/user_repository.go:40.2,40.16 1 1
backend.com/forum/auth-servise/internal/repository/user_repository.go:44.104,48.16 4 1
backend.com/forum/auth-servise/internal/repository/user_repository.go:48.16,49.36 1 1
backend.com/forum/auth-servise/internal/repository/user_repository.go:49.36,51.4 1 1
backend.com/forum/auth-servise/internal/repository/user_repository.go:52.3,52.18 1 0
backend.com/forum/auth-servise/internal/repository/user_repository.go:54.2,54.18 1 1
backend.com/forum/auth-servise/internal/repository/user_repository.go:58.91,62.16 4 1
backend.com/forum/auth-servise/internal/repository/user_repository.go:62.16,63.36 1 1
backend.com/forum/auth-servise/internal/repository/user_repository.go:63.36,65.4 1 1
backend.com/forum/auth-servise/internal/repository/user_repository.go:66.3,66.18 1 0
backend.com/forum/auth-servise/internal/repository/user_repository.go:68.2,68.18 1 1
backend.com/forum/auth-servise/internal/usecase/auth_usecase.go:31.94,33.16 2 1
backend.com/forum/auth-servise/internal/usecase/auth_usecase.go:33.16,35.3 1 0
backend.com/forum/auth-servise/internal/usecase/auth_usecase.go:36.2,36.41 1 1
backend.com/forum/auth-servise/internal/usecase/auth_usecase.go:44.16,51.2 1 1
backend.com/forum/auth-servise/internal/usecase/auth_usecase.go:56.30,58.16 2 1
backend.com/forum/auth-servise/internal/usecase/auth_usecase.go:58.16,61.3 2 1
backend.com/forum/auth-servise/internal/usecase/auth_usecase.go:63.2,71.16 3 1
backend.com/forum/auth-servise/internal/usecase/auth_usecase.go:71.16,74.3 2 1
backend.com/forum/auth-servise/internal/usecase/auth_usecase.go:76.2,76.47 1 1
backend.com/forum/auth-servise/internal/usecase/auth_usecase.go:79.93,81.16 2 1
backend.com/forum/auth-servise/internal/usecase/auth_usecase.go:81.16,83.3 1 1
backend.com/forum/auth-servise/internal/usecase/auth_usecase.go:85.2,86.16 2 1
backend.com/forum/auth-servise/internal/usecase/auth_usecase.go:86.16,88.3 1 1
backend.com/forum/auth-servise/internal/usecase/auth_usecase.go:91.2,92.16 2 1
backend.com/forum/auth-servise/internal/usecase/auth_usecase.go:92.16,95.3 2 0
backend.com/forum/auth-servise/internal/usecase/auth_usecase.go:98.2,104.66 2 1
backend.com/forum/auth-servise/internal/usecase/auth_usecase.go:104.66,107.3 2 0
backend.com/forum/auth-servise/internal/usecase/auth_usecase.go:109.2,112.8 1 1
backend.com/forum/auth-servise/internal/usecase/auth_usecase.go:155.29,159.31 3 1
backend.com/forum/auth-servise/internal/usecase/auth_usecase.go:159.31,162.3 2 1
backend.com/forum/auth-servise/internal/usecase/auth_usecase.go:164.2,164.42 1 1
