mode: set
backend.com/forum/forum-servise/internal/usecase/comment_usecase.go:23.19,29.2 1 1
backend.com/forum/forum-servise/internal/usecase/comment_usecase.go:30.93,32.16 2 1
backend.com/forum/forum-servise/internal/usecase/comment_usecase.go:32.16,34.3 1 1
backend.com/forum/forum-servise/internal/usecase/comment_usecase.go:35.2,35.51 1 1
backend.com/forum/forum-servise/internal/usecase/comment_usecase.go:38.108,40.16 2 1
backend.com/forum/forum-servise/internal/usecase/comment_usecase.go:40.16,42.3 1 0
backend.com/forum/forum-servise/internal/usecase/comment_usecase.go:45.2,45.26 1 1
backend.com/forum/forum-servise/internal/usecase/comment_usecase.go:45.26,50.68 2 1
backend.com/forum/forum-servise/internal/usecase/comment_usecase.go:50.68,52.4 1 1
backend.com/forum/forum-servise/internal/usecase/comment_usecase.go:52.9,54.4 1 1
backend.com/forum/forum-servise/internal/usecase/comment_usecase.go:57.2,57.22 1 1
backend.com/forum/forum-servise/internal/usecase/comment_usecase.go:60.78,62.2 1 1
backend.com/forum/forum-servise/internal/usecase/post_usecase.go:31.16,37.2 1 0
backend.com/forum/forum-servise/internal/usecase/post_usecase.go:39.115,42.16 2 1
backend.com/forum/forum-servise/internal/usecase/post_usecase.go:42.16,44.3 1 0
backend.com/forum/forum-servise/internal/usecase/post_usecase.go:45.2,45.25 1 1
backend.com/forum/forum-servise/internal/usecase/post_usecase.go:45.25,47.3 1 1
backend.com/forum/forum-servise/internal/usecase/post_usecase.go:48.2,58.16 4 1
backend.com/forum/forum-servise/internal/usecase/post_usecase.go:58.16,60.3 1 1
backend.com/forum/forum-servise/internal/usecase/post_usecase.go:62.2,63.18 2 1
backend.com/forum/forum-servise/internal/usecase/post_usecase.go:67.94,69.16 2 1
backend.com/forum/forum-servise/internal/usecase/post_usecase.go:69.16,71.3 1 1
backend.com/forum/forum-servise/internal/usecase/post_usecase.go:73.2,77.29 3 1
backend.com/forum/forum-servise/internal/usecase/post_usecase.go:77.29,79.3 1 1
backend.com/forum/forum-servise/internal/usecase/post_usecase.go:82.2,82.37 1 1
backend.com/forum/forum-servise/internal/usecase/post_usecase.go:82.37,87.45 2 1
backend.com/forum/forum-servise/internal/usecase/post_usecase.go:87.45,89.4 1 1
backend.com/forum/forum-servise/internal/usecase/post_usecase.go:93.2,93.29 1 1
backend.com/forum/forum-servise/internal/usecase/post_usecase.go:93.29,94.60 1 1
backend.com/forum/forum-servise/internal/usecase/post_usecase.go:94.60,96.4 1 1
backend.com/forum/forum-servise/internal/usecase/post_usecase.go:99.2,99.32 1 1
backend.com/forum/forum-servise/internal/usecase/post_usecase.go:101.90,103.16 2 1
backend.com/forum/forum-servise/internal/usecase/post_usecase.go:103.16,105.3 1 0
backend.com/forum/forum-servise/internal/usecase/post_usecase.go:106.2,106.25 1 1
backend.com/forum/forum-servise/internal/usecase/post_usecase.go:106.25,108.3 1 1
backend.com/forum/forum-servise/internal/usecase/post_usecase.go:110.2,117.16 2 1
backend.com/forum/forum-servise/internal/usecase/post_usecase.go:117.16,118.10 1 1
backend.com/forum/forum-servise/internal/usecase/post_usecase.go:119.38,120.39 1 1
backend.com/forum/forum-servise/internal/usecase/post_usecase.go:121.55,122.42 1 1
backend.com/forum/forum-servise/internal/usecase/post_usecase.go:123.11,124.14 1 0
backend.com/forum/forum-servise/internal/usecase/post_usecase.go:128.2,128.12 1 1
backend.com/forum/forum-servise/internal/usecase/post_usecase.go:137.25,139.16 2 1
backend.com/forum/forum-servise/internal/usecase/post_usecase.go:139.16,141.3 1 0
backend.com/forum/forum-servise/internal/usecase/post_usecase.go:142.2,142.25 1 1
backend.com/forum/forum-servise/internal/usecase/post_usecase.go:142.25,144.3 1 1
backend.com/forum/forum-servise/internal/usecase/post_usecase.go:146.2,155.25 2 1
